0 info it worked if it ends with ok
1 verbose cli [ 'node', '/usr/local/bin/npm', 'install', 'rake' ]
2 info using npm@1.3.21
3 info using node@v0.10.24
4 verbose cache add [ 'rake', null ]
5 verbose cache add name=undefined spec="rake" args=["rake",null]
6 verbose parsed url { protocol: null,
6 verbose parsed url   slashes: null,
6 verbose parsed url   auth: null,
6 verbose parsed url   host: null,
6 verbose parsed url   port: null,
6 verbose parsed url   hostname: null,
6 verbose parsed url   hash: null,
6 verbose parsed url   search: null,
6 verbose parsed url   query: null,
6 verbose parsed url   pathname: 'rake',
6 verbose parsed url   path: 'rake',
6 verbose parsed url   href: 'rake' }
7 silly lockFile 4e3f6808-rake rake
8 verbose lock rake /Users/slavas/.npm/4e3f6808-rake.lock
9 silly lockFile 4e3f6808-rake rake
10 silly lockFile 4e3f6808-rake rake
11 verbose addNamed [ 'rake', '' ]
12 verbose addNamed [ null, '*' ]
13 silly lockFile 271a9788-rake rake@
14 verbose lock rake@ /Users/slavas/.npm/271a9788-rake.lock
15 silly addNameRange { name: 'rake', range: '*', hasData: false }
16 verbose url raw rake
17 verbose url resolving [ 'https://registry.npmjs.org/', './rake' ]
18 verbose url resolved https://registry.npmjs.org/rake
19 info trying registry request attempt 1 at 13:01:05
20 http GET https://registry.npmjs.org/rake
21 http 404 https://registry.npmjs.org/rake
22 silly registry.get cb [ 404,
22 silly registry.get   { date: 'Sat, 18 Jan 2014 15:01:06 GMT',
22 silly registry.get     server: 'CouchDB/1.5.0 (Erlang OTP/R15B03)',
22 silly registry.get     'content-type': 'application/json',
22 silly registry.get     'cache-control': 'max-age=0',
22 silly registry.get     'content-length': '52',
22 silly registry.get     'accept-ranges': 'bytes',
22 silly registry.get     via: '1.1 varnish',
22 silly registry.get     age: '0',
22 silly registry.get     'x-served-by': 'cache-d46-DAL',
22 silly registry.get     'x-cache': 'MISS',
22 silly registry.get     'x-cache-hits': '0',
22 silly registry.get     'x-timer': 'S1390057266.154672146,VS0,VE14',
22 silly registry.get     'keep-alive': 'timeout=10, max=50',
22 silly registry.get     connection: 'Keep-Alive' } ]
23 silly lockFile 271a9788-rake rake@
24 silly lockFile 271a9788-rake rake@
25 error 404 'rake' is not in the npm registry.
25 error 404 You should bug the author to publish it
25 error 404
25 error 404 Note that you can also install from a
25 error 404 tarball, folder, or http url, or git url.
26 error System Darwin 12.4.0
27 error command "node" "/usr/local/bin/npm" "install" "rake"
28 error cwd /server/www/sl24mobile2
29 error node -v v0.10.24
30 error npm -v 1.3.21
31 error code E404
32 verbose exit [ 1, true ]
